Arguments: 
  /Users/jloborod/.nvm/versions/node/v8.1.3/bin/node /Users/jloborod/.nvm/versions/node/v8.1.3/bin/yarn init

PATH: 
  /Users/jloborod/.nvm/versions/node/v8.1.3/bin:/usr/local/bin:/usr/local/sbin:/usr/local/opt/libxml2/bin:/Users/jloborod/.yarn/bin:/Users/jloborod/.npm-packages/bin:/usr/bin:/bin:/usr/sbin:/sbin:/usr/local/bin:/Library/Frameworks/Mono.framework/Versions/Current/Commands:/usr/local/sbin:/usr/local/opt/libxml2/bin:/Users/jloborod/.yarn/bin:/Users/jloborod/.npm-packages/bin:/Users/jloborod/Library/Android/sdk/platform-tools/:/Users/jloborod/Library/Android/sdk/platform-tools/

Yarn version: 
  1.6.0

Node version: 
  8.1.3

Platform: 
  darwin x64

Trace: 
  Error: canceled
      at Interface.<anonymous> (/Users/jloborod/.nvm/versions/node/v8.1.3/lib/node_modules/yarn/lib/cli.js:129516:13)
      at emitNone (events.js:105:13)
      at Interface.emit (events.js:207:7)
      at Interface._ttyWrite (readline.js:768:16)
      at ReadStream.onkeypress (readline.js:157:10)
      at emitTwo (events.js:125:13)
      at ReadStream.emit (events.js:213:7)
      at emitKeys (internal/readline.js:417:14)
      at emitKeys.next (<anonymous>)
      at ReadStream.onData (readline.js:1005:36)

npm manifest: 
  No manifest

yarn manifest: 
  No manifest

Lockfile: 
  No lockfile
